Start testing: May 30 17:39 EEST
----------------------------------------------------------
1/1 Testing: tests
1/1 Test: tests
Command: "/home/deyan/Desktop/Minimal Subsequential Transducer/build/test/tests"
Directory: /home/deyan/Desktop/Minimal Subsequential Transducer/build/test
"tests" start time: May 30 17:39 EEST
Output:
----------------------------------------------------------
Randomness seeded to: 3730131782
===============================================================================
All tests passed (1 assertion in 1 test case)

<end of output>
Test time =   0.00 sec
----------------------------------------------------------
Test Passed.
"tests" end time: May 30 17:39 EEST
"tests" time elapsed: 00:00:00
----------------------------------------------------------

End testing: May 30 17:39 EEST
